<?xml version="1.0" encoding="UTF-8"?>
<!-- Generated by org.testng.reporters.JUnitXMLReporter -->
<testsuite ignored="0" hostname="Sujit" failures="3" tests="5" name="Surefire test" time="17.748" errors="0" timestamp="30 Mar 2023 12:59:00 GMT">
  <testcase classname="io.cucumber.testng.AbstractTestNGCucumberTests" name="runScenario" time="9.237"/>
  <testcase classname="io.cucumber.testng.AbstractTestNGCucumberTests" name="runScenario" time="9.706"/>
  <testcase classname="io.cucumber.testng.AbstractTestNGCucumberTests" name="runScenario" time="9.724">
    <failure type="java.lang.AssertionError" message="expected [true] but found [false]">
      <![CDATA[java.lang.AssertionError: expected [true] but found [false]
at parallel.LoginPageSteps.i_should_see_an_error_message_indicating(LoginPageSteps.java:46)
at ✽.I should see an error message indicating "Warning: No match for E-Mail Address and/or Password."(file:///C:/Sujit/Automation/workspace/CucumberHybridFramework/src/test/resources/parallel/LoginPage.feature:20)
... Removed 4 stack frames]]>
    </failure>
  </testcase> <!-- runScenario -->
  <testcase classname="io.cucumber.testng.AbstractTestNGCucumberTests" name="runScenario" time="9.784">
    <failure type="java.lang.AssertionError" message="expected [true] but found [false]">
      <![CDATA[java.lang.AssertionError: expected [true] but found [false]
at parallel.LoginPageSteps.i_should_see_an_error_message_indicating(LoginPageSteps.java:46)
at ✽.I should see an error message indicating "Warning: No match for E-Mail Address and/or Password."(file:///C:/Sujit/Automation/workspace/CucumberHybridFramework/src/test/resources/parallel/LoginPage.feature:20)
... Removed 4 stack frames]]>
    </failure>
  </testcase> <!-- runScenario -->
  <testcase classname="io.cucumber.testng.AbstractTestNGCucumberTests" name="runScenario" time="9.785">
    <failure type="java.lang.AssertionError" message="expected [true] but found [false]">
      <![CDATA[java.lang.AssertionError: expected [true] but found [false]
at parallel.LoginPageSteps.i_should_see_an_error_message_indicating(LoginPageSteps.java:46)
at ✽.I should see an error message indicating "Warning: No match for E-Mail Address and/or Password."(file:///C:/Sujit/Automation/workspace/CucumberHybridFramework/src/test/resources/parallel/LoginPage.feature:20)
... Removed 4 stack frames]]>
    </failure>
  </testcase> <!-- runScenario -->
</testsuite> <!-- Surefire test -->
